0 info it worked if it ends with ok
1 verbose cli [ 'C:\\Program Files\\nodejs\\node.exe',
1 verbose cli   'C:\\Program Files\\nodejs\\node_modules\\npm\\bin\\npm-cli.js',
1 verbose cli   'run',
1 verbose cli   'devserver' ]
2 info using npm@3.10.10
3 info using node@v6.11.0
4 verbose run-script [ 'predevserver', 'devserver', 'postdevserver' ]
5 info lifecycle FilmsApp@0.0.1~predevserver: FilmsApp@0.0.1
6 silly lifecycle FilmsApp@0.0.1~predevserver: no script for predevserver, continuing
7 info lifecycle FilmsApp@0.0.1~devserver: FilmsApp@0.0.1
8 verbose lifecycle FilmsApp@0.0.1~devserver: unsafe-perm in lifecycle true
9 verbose lifecycle FilmsApp@0.0.1~devserver: PATH: C:\Program Files\nodejs\node_modules\npm\bin\node-gyp-bin;D:\webby\SPA\node_modules\.bin;C:\Users\PC-417489\bin;C:\Users\PC-417489\AppData\Local\Programs\Git\mingw64\bin;C:\Users\PC-417489\AppData\Local\Programs\Git\usr\local\bin;C:\Users\PC-417489\AppData\Local\Programs\Git\usr\bin;C:\Users\PC-417489\AppData\Local\Programs\Git\usr\bin;C:\Users\PC-417489\AppData\Local\Programs\Git\mingw64\bin;C:\Users\PC-417489\AppData\Local\Programs\Git\usr\bin;C:\Users\PC-417489\bin;C:\Windows\system32;C:\Windows;C:\Windows\System32\Wbem;C:\Windows\System32\WindowsPowerShell\v1.0;C:\Program Files (x86)\Skype\Phone;C:\Program Files\nodejs;C:\Program Files\PuTTY;C:\Users\PC-417489\AppData\Local\Microsoft\WindowsApps;C:\Users\PC-417489\AppData\Local\Programs\Git\cmd;C:\Users\PC-417489\AppData\Roaming\npm;C:\Users\PC-417489\AppData\Local\Programs\Git\usr\bin\vendor_perl;C:\Users\PC-417489\AppData\Local\Programs\Git\usr\bin\core_perl
10 verbose lifecycle FilmsApp@0.0.1~devserver: CWD: D:\webby\SPA
11 silly lifecycle FilmsApp@0.0.1~devserver: Args: [ '/d /s /c',
11 silly lifecycle   'webpack-dev-server --debug --hot --devtool eval-source-map --output-pathinfo --watch --colors --inline --content-base public --port 8090 --host 0.0.0.0' ]
12 silly lifecycle FilmsApp@0.0.1~devserver: Returned: code: 1  signal: null
13 info lifecycle FilmsApp@0.0.1~devserver: Failed to exec devserver script
14 verbose stack Error: FilmsApp@0.0.1 devserver: `webpack-dev-server --debug --hot --devtool eval-source-map --output-pathinfo --watch --colors --inline --content-base public --port 8090 --host 0.0.0.0`
14 verbose stack Exit status 1
14 verbose stack     at EventEmitter.<anonymous> (C:\Program Files\nodejs\node_modules\npm\lib\utils\lifecycle.js:255:16)
14 verbose stack     at emitTwo (events.js:106:13)
14 verbose stack     at EventEmitter.emit (events.js:191:7)
14 verbose stack     at ChildProcess.<anonymous> (C:\Program Files\nodejs\node_modules\npm\lib\utils\spawn.js:40:14)
14 verbose stack     at emitTwo (events.js:106:13)
14 verbose stack     at ChildProcess.emit (events.js:191:7)
14 verbose stack     at maybeClose (internal/child_process.js:891:16)
14 verbose stack     at Process.ChildProcess._handle.onexit (internal/child_process.js:226:5)
15 verbose pkgid FilmsApp@0.0.1
16 verbose cwd D:\webby\SPA
17 error Windows_NT 10.0.14393
18 error argv "C:\\Program Files\\nodejs\\node.exe" "C:\\Program Files\\nodejs\\node_modules\\npm\\bin\\npm-cli.js" "run" "devserver"
19 error node v6.11.0
20 error npm  v3.10.10
21 error code ELIFECYCLE
22 error FilmsApp@0.0.1 devserver: `webpack-dev-server --debug --hot --devtool eval-source-map --output-pathinfo --watch --colors --inline --content-base public --port 8090 --host 0.0.0.0`
22 error Exit status 1
23 error Failed at the FilmsApp@0.0.1 devserver script 'webpack-dev-server --debug --hot --devtool eval-source-map --output-pathinfo --watch --colors --inline --content-base public --port 8090 --host 0.0.0.0'.
23 error Make sure you have the latest version of node.js and npm installed.
23 error If you do, this is most likely a problem with the FilmsApp package,
23 error not with npm itself.
23 error Tell the author that this fails on your system:
23 error     webpack-dev-server --debug --hot --devtool eval-source-map --output-pathinfo --watch --colors --inline --content-base public --port 8090 --host 0.0.0.0
23 error You can get information on how to open an issue for this project with:
23 error     npm bugs FilmsApp
23 error Or if that isn't available, you can get their info via:
23 error     npm owner ls FilmsApp
23 error There is likely additional logging output above.
24 verbose exit [ 1, true ]
